2020-10-28 09:59:08.016497 [guppy/message] ONT Guppy basecalling software version 4.2.2+effbaf8
config file:        /udd/oboulle/ont-guppy-cpu/data/dna_r9.4.1_450bps_hac.cfg
model file:         /udd/oboulle/ont-guppy-cpu/data/template_r9.4.1_450bps_hac.jsn
input path:         /udd/oboulle/Documents/workflow_global/workflow_python/exemple/4_sequencing/fast5
save path:          /udd/oboulle/Documents/workflow_global/workflow_python/exemple/4_sequencing/fastq
chunk size:         2000
chunks per runner:  512
records per file:   4000
num basecallers:    1
cpu mode:           ON
threads per caller: 8

2020-10-28 09:59:08.018831 [guppy/info] crashpad_handler not supported on this platform.
2020-10-28 09:59:11.870777 [guppy/message] Found 100 fast5 files to process.
2020-10-28 09:59:11.870847 [guppy/message] Init time: 3850 ms
2020-10-28 09:59:12.000571 [guppy/info] Read '341b21f5-7fb0-481a-aab0-06635c737d99' from file "signal_molecule_307_(sequence_0)_341b21f5-7fb0-481a-aab0-06635c737d99.fast5" has been loaded.
2020-10-28 09:59:12.000656 [guppy/info] Read '406d8286-1a86-4d68-9215-3113ffca266d' from file "signal_molecule_2901_(sequence_2)_406d8286-1a86-4d68-9215-3113ffca266d.fast5" has been loaded.
2020-10-28 09:59:12.000687 [guppy/info] Read 'bdaa3a13-99fd-4a60-af4e-f868e6dd57d8' from file "signal_molecule_988_(sequence_0)_bdaa3a13-99fd-4a60-af4e-f868e6dd57d8.fast5" has been loaded.
2020-10-28 09:59:12.000706 [guppy/info] Read 'dec52af8-7d24-4ea5-aeaf-2bdc55556f82' from file "signal_molecule_1314_(sequence_1)_dec52af8-7d24-4ea5-aeaf-2bdc55556f82.fast5" has been loaded.
2020-10-28 09:59:12.000723 [guppy/info] Read 'e35fdacc-2348-4f6d-91c0-77648ae19400' from file "signal_molecule_2390_(sequence_2)_e35fdacc-2348-4f6d-91c0-77648ae19400.fast5" has been loaded.
2020-10-28 09:59:12.000739 [guppy/info] Read 'a477d1e8-0ac8-400b-9dd7-9968f3f7997d' from file "signal_molecule_2269_(sequence_2)_a477d1e8-0ac8-400b-9dd7-9968f3f7997d.fast5" has been loaded.
2020-10-28 09:59:12.000756 [guppy/info] Read '73a8b6ae-ce6a-4367-a8e6-b80c2ddfdd3d' from file "signal_molecule_2597_(sequence_2)_73a8b6ae-ce6a-4367-a8e6-b80c2ddfdd3d.fast5" has been loaded.
2020-10-28 09:59:12.000772 [guppy/info] Read '9d7845ea-c044-4a03-bb53-175d37fc1c41' from file "signal_molecule_2248_(sequence_2)_9d7845ea-c044-4a03-bb53-175d37fc1c41.fast5" has been loaded.
2020-10-28 09:59:12.000789 [guppy/info] Read 'e5cd4266-514c-45d2-935e-6a7d19a2aec7' from file "signal_molecule_423_(sequence_0)_e5cd4266-514c-45d2-935e-6a7d19a2aec7.fast5" has been loaded.
2020-10-28 09:59:12.000805 [guppy/info] Read '3353337d-901e-4990-8fe9-254ea81dab61' from file "signal_molecule_748_(sequence_0)_3353337d-901e-4990-8fe9-254ea81dab61.fast5" has been loaded.
2020-10-28 09:59:12.000821 [guppy/info] Read '61283335-3309-4dc3-be50-56aa44af7efb' from file "signal_molecule_573_(sequence_0)_61283335-3309-4dc3-be50-56aa44af7efb.fast5" has been loaded.
2020-10-28 09:59:12.000837 [guppy/info] Read 'ebf5f254-18de-4488-95d4-fb1a0954ebd9' from file "signal_molecule_2725_(sequence_2)_ebf5f254-18de-4488-95d4-fb1a0954ebd9.fast5" has been loaded.
2020-10-28 09:59:12.000854 [guppy/info] Read '8e09b49b-f2d4-4c6c-9e21-35a12b275bc0' from file "signal_molecule_1401_(sequence_1)_8e09b49b-f2d4-4c6c-9e21-35a12b275bc0.fast5" has been loaded.
2020-10-28 09:59:12.000870 [guppy/info] Read '359de3c0-3ad7-490f-a653-2bbad909c88f' from file "signal_molecule_512_(sequence_0)_359de3c0-3ad7-490f-a653-2bbad909c88f.fast5" has been loaded.
2020-10-28 09:59:12.000885 [guppy/info] Read 'f14951d7-8b2c-4aaf-abaa-fcd30c43f29f' from file "signal_molecule_1940_(sequence_1)_f14951d7-8b2c-4aaf-abaa-fcd30c43f29f.fast5" has been loaded.
2020-10-28 09:59:12.000902 [guppy/info] Read '60684b06-dce4-4cb7-846e-a24ce01ec700' from file "signal_molecule_2265_(sequence_2)_60684b06-dce4-4cb7-846e-a24ce01ec700.fast5" has been loaded.
2020-10-28 09:59:12.000918 [guppy/info] Read 'd4b51425-b231-45a5-909b-5011c7f3d314' from file "signal_molecule_529_(sequence_0)_d4b51425-b231-45a5-909b-5011c7f3d314.fast5" has been loaded.
2020-10-28 09:59:12.000934 [guppy/info] Read '1f391080-87d7-46db-b6c2-f873b8973acb' from file "signal_molecule_1288_(sequence_1)_1f391080-87d7-46db-b6c2-f873b8973acb.fast5" has been loaded.
2020-10-28 09:59:12.000960 [guppy/info] Read '3e8f6679-f905-4e10-8560-b1a4993bcdac' from file "signal_molecule_807_(sequence_0)_3e8f6679-f905-4e10-8560-b1a4993bcdac.fast5" has been loaded.
2020-10-28 09:59:12.000978 [guppy/info] Read '95785d1c-c19f-41ec-87c4-dc1b276317e0' from file "signal_molecule_499_(sequence_0)_95785d1c-c19f-41ec-87c4-dc1b276317e0.fast5" has been loaded.
2020-10-28 09:59:12.000995 [guppy/info] Read 'f73b3003-df49-406d-a2ce-95d87580d761' from file "signal_molecule_1634_(sequence_1)_f73b3003-df49-406d-a2ce-95d87580d761.fast5" has been loaded.
2020-10-28 09:59:12.001011 [guppy/info] Read '4d4d1091-9df1-4915-974a-451cd3911549' from file "signal_molecule_2872_(sequence_2)_4d4d1091-9df1-4915-974a-451cd3911549.fast5" has been loaded.
2020-10-28 09:59:12.001028 [guppy/info] Read 'c22577f4-6cb7-4107-81f4-b5b6c2bb9281' from file "signal_molecule_278_(sequence_0)_c22577f4-6cb7-4107-81f4-b5b6c2bb9281.fast5" has been loaded.
2020-10-28 09:59:12.001044 [guppy/info] Read '69258cba-7e18-4ade-876f-da30644dc690' from file "signal_molecule_215_(sequence_0)_69258cba-7e18-4ade-876f-da30644dc690.fast5" has been loaded.
2020-10-28 09:59:12.001060 [guppy/info] Read 'c80ed7d0-a9c6-47b4-a5bb-04feeaa9d2db' from file "signal_molecule_2869_(sequence_2)_c80ed7d0-a9c6-47b4-a5bb-04feeaa9d2db.fast5" has been loaded.
2020-10-28 09:59:12.001076 [guppy/info] Read '412f5a00-4d50-494b-a40c-05be4dbd9a9b' from file "signal_molecule_824_(sequence_0)_412f5a00-4d50-494b-a40c-05be4dbd9a9b.fast5" has been loaded.
2020-10-28 09:59:12.001093 [guppy/info] Read '7dcb8905-d5cf-457f-bbcc-fa7c902792ba' from file "signal_molecule_2626_(sequence_2)_7dcb8905-d5cf-457f-bbcc-fa7c902792ba.fast5" has been loaded.
2020-10-28 09:59:12.001109 [guppy/info] Read 'bae3bef5-edbc-4cfc-b38c-ef971f061117' from file "signal_molecule_1233_(sequence_1)_bae3bef5-edbc-4cfc-b38c-ef971f061117.fast5" has been loaded.
2020-10-28 09:59:12.001126 [guppy/info] Read '74e23d89-e769-4114-b697-a1871d329def' from file "signal_molecule_931_(sequence_0)_74e23d89-e769-4114-b697-a1871d329def.fast5" has been loaded.
2020-10-28 09:59:12.001142 [guppy/info] Read '59c20f5a-0eb8-45fb-b437-634a428385a4' from file "signal_molecule_1679_(sequence_1)_59c20f5a-0eb8-45fb-b437-634a428385a4.fast5" has been loaded.
2020-10-28 09:59:12.001159 [guppy/info] Read '1c8d5f36-6ff8-476c-9969-0c407091547c' from file "signal_molecule_1544_(sequence_1)_1c8d5f36-6ff8-476c-9969-0c407091547c.fast5" has been loaded.
2020-10-28 09:59:12.001175 [guppy/info] Read '57aba66a-04f1-492a-b952-edf52064596d' from file "signal_molecule_912_(sequence_0)_57aba66a-04f1-492a-b952-edf52064596d.fast5" has been loaded.
2020-10-28 09:59:12.001192 [guppy/info] Read '0483aa0d-a47b-4e14-8faf-5a8c13436d96' from file "signal_molecule_2639_(sequence_2)_0483aa0d-a47b-4e14-8faf-5a8c13436d96.fast5" has been loaded.
2020-10-28 09:59:12.001208 [guppy/info] Read '155c5e63-8b86-423a-8367-01d79eee3b83' from file "signal_molecule_1998_(sequence_1)_155c5e63-8b86-423a-8367-01d79eee3b83.fast5" has been loaded.
2020-10-28 09:59:12.001224 [guppy/info] Read '194d1c01-23b7-457d-b6e5-db3f6c2d47cb' from file "signal_molecule_1306_(sequence_1)_194d1c01-23b7-457d-b6e5-db3f6c2d47cb.fast5" has been loaded.
2020-10-28 09:59:12.001241 [guppy/info] Read '816c5156-710d-4f6e-821a-f30795c3902b' from file "signal_molecule_944_(sequence_0)_816c5156-710d-4f6e-821a-f30795c3902b.fast5" has been loaded.
2020-10-28 09:59:12.001257 [guppy/info] Read '1f3f274f-2dfa-4d19-b111-e9a657b28d50' from file "signal_molecule_2800_(sequence_2)_1f3f274f-2dfa-4d19-b111-e9a657b28d50.fast5" has been loaded.
2020-10-28 09:59:12.001273 [guppy/info] Read 'bd1305d3-ff0c-415c-82bc-09473eea9303' from file "signal_molecule_1588_(sequence_1)_bd1305d3-ff0c-415c-82bc-09473eea9303.fast5" has been loaded.
2020-10-28 09:59:12.001289 [guppy/info] Read '9defde76-cfca-46fd-828a-aa5f4ae0d354' from file "signal_molecule_1390_(sequence_1)_9defde76-cfca-46fd-828a-aa5f4ae0d354.fast5" has been loaded.
2020-10-28 09:59:12.001315 [guppy/info] Read '9300d17b-b500-4275-a19f-3f174dbfe616' from file "signal_molecule_1478_(sequence_1)_9300d17b-b500-4275-a19f-3f174dbfe616.fast5" has been loaded.
2020-10-28 09:59:12.001333 [guppy/info] Read '8380a9b5-9bbc-4364-85f5-9d87edbdaf7c' from file "signal_molecule_2856_(sequence_2)_8380a9b5-9bbc-4364-85f5-9d87edbdaf7c.fast5" has been loaded.
2020-10-28 09:59:12.001350 [guppy/info] Read '733d0172-bc51-478b-96df-43d20b5cea1c' from file "signal_molecule_1878_(sequence_1)_733d0172-bc51-478b-96df-43d20b5cea1c.fast5" has been loaded.
2020-10-28 09:59:12.001366 [guppy/info] Read 'c0e1e4c0-1677-4b65-9257-381b3e9c7596' from file "signal_molecule_198_(sequence_0)_c0e1e4c0-1677-4b65-9257-381b3e9c7596.fast5" has been loaded.
2020-10-28 09:59:12.001382 [guppy/info] Read 'b8bb079f-11ea-4455-8a74-edba5a47092b' from file "signal_molecule_90_(sequence_0)_b8bb079f-11ea-4455-8a74-edba5a47092b.fast5" has been loaded.
2020-10-28 09:59:12.001399 [guppy/info] Read '7995b1e1-4a53-4dd7-ae99-f475f8cabc5a' from file "signal_molecule_2205_(sequence_2)_7995b1e1-4a53-4dd7-ae99-f475f8cabc5a.fast5" has been loaded.
2020-10-28 09:59:12.001414 [guppy/info] Read '83d46001-0215-4991-ba20-8677a30ad23b' from file "signal_molecule_1676_(sequence_1)_83d46001-0215-4991-ba20-8677a30ad23b.fast5" has been loaded.
2020-10-28 09:59:12.001430 [guppy/info] Read '75e3113a-8c66-45b9-a03a-503750a8555b' from file "signal_molecule_2701_(sequence_2)_75e3113a-8c66-45b9-a03a-503750a8555b.fast5" has been loaded.
2020-10-28 09:59:12.001447 [guppy/info] Read 'f98619e6-50c4-4d5c-beb9-40bc91695daa' from file "signal_molecule_30_(sequence_0)_f98619e6-50c4-4d5c-beb9-40bc91695daa.fast5" has been loaded.
2020-10-28 09:59:12.001463 [guppy/info] Read 'e6141552-f2bb-4b97-8eed-2b5034b11d33' from file "signal_molecule_616_(sequence_0)_e6141552-f2bb-4b97-8eed-2b5034b11d33.fast5" has been loaded.
2020-10-28 09:59:12.001479 [guppy/info] Read '437edcbb-59fe-4c58-aa41-cf356dc31a8a' from file "signal_molecule_743_(sequence_0)_437edcbb-59fe-4c58-aa41-cf356dc31a8a.fast5" has been loaded.
2020-10-28 09:59:12.001495 [guppy/info] Read '52be4351-6b6b-40a2-8b32-674cd501d772' from file "signal_molecule_2778_(sequence_2)_52be4351-6b6b-40a2-8b32-674cd501d772.fast5" has been loaded.
2020-10-28 09:59:12.001547 [guppy/info] Read 'd67c2c63-a766-485b-9fc1-c679eafc25af' from file "signal_molecule_2342_(sequence_2)_d67c2c63-a766-485b-9fc1-c679eafc25af.fast5" has been loaded.
2020-10-28 09:59:12.001569 [guppy/info] Read '77e65092-6947-4e3f-a9b5-26058402e315' from file "signal_molecule_2268_(sequence_2)_77e65092-6947-4e3f-a9b5-26058402e315.fast5" has been loaded.
2020-10-28 09:59:12.001586 [guppy/info] Read 'f9ff182a-61c0-4f51-8867-7a9f8c0b31aa' from file "signal_molecule_1695_(sequence_1)_f9ff182a-61c0-4f51-8867-7a9f8c0b31aa.fast5" has been loaded.
2020-10-28 09:59:12.001602 [guppy/info] Read '1026b297-91f4-4f2c-8637-4ff66ca42554' from file "signal_molecule_1307_(sequence_1)_1026b297-91f4-4f2c-8637-4ff66ca42554.fast5" has been loaded.
2020-10-28 09:59:12.001622 [guppy/info] Read '9a02bb9a-d242-48fa-ac3a-5904e7af2af3' from file "signal_molecule_2083_(sequence_2)_9a02bb9a-d242-48fa-ac3a-5904e7af2af3.fast5" has been loaded.
2020-10-28 09:59:12.001639 [guppy/info] Read '67ef8526-4244-429a-8bd8-b35dc2591b07' from file "signal_molecule_88_(sequence_0)_67ef8526-4244-429a-8bd8-b35dc2591b07.fast5" has been loaded.
2020-10-28 09:59:12.001655 [guppy/info] Read '7576a50f-8b30-4340-962a-7f6d98aceb80' from file "signal_molecule_1822_(sequence_1)_7576a50f-8b30-4340-962a-7f6d98aceb80.fast5" has been loaded.
2020-10-28 09:59:12.001671 [guppy/info] Read 'a23e5ce0-6d65-4f75-9ec8-adce034f9f71' from file "signal_molecule_818_(sequence_0)_a23e5ce0-6d65-4f75-9ec8-adce034f9f71.fast5" has been loaded.
2020-10-28 09:59:12.001687 [guppy/info] Read 'c9722f3d-4002-4f3a-8d37-255ee84ec706' from file "signal_molecule_1133_(sequence_1)_c9722f3d-4002-4f3a-8d37-255ee84ec706.fast5" has been loaded.
2020-10-28 09:59:12.001703 [guppy/info] Read '5a7448b1-10fe-4cd4-b201-6666dd370fcc' from file "signal_molecule_1971_(sequence_1)_5a7448b1-10fe-4cd4-b201-6666dd370fcc.fast5" has been loaded.
2020-10-28 09:59:12.001724 [guppy/info] Read '5ef69715-31c2-460f-90f6-0d2212babdcf' from file "signal_molecule_209_(sequence_0)_5ef69715-31c2-460f-90f6-0d2212babdcf.fast5" has been loaded.
2020-10-28 09:59:12.001741 [guppy/info] Read '6cf77009-0d16-4a70-bf1f-98f83ac8adcb' from file "signal_molecule_2534_(sequence_2)_6cf77009-0d16-4a70-bf1f-98f83ac8adcb.fast5" has been loaded.
2020-10-28 09:59:12.001757 [guppy/info] Read '27d934c6-b760-4bbd-b0ac-1ab8bd4df928' from file "signal_molecule_435_(sequence_0)_27d934c6-b760-4bbd-b0ac-1ab8bd4df928.fast5" has been loaded.
2020-10-28 09:59:12.001773 [guppy/info] Read '347b44e1-81b2-42d0-b65c-241792a0956b' from file "signal_molecule_1127_(sequence_1)_347b44e1-81b2-42d0-b65c-241792a0956b.fast5" has been loaded.
2020-10-28 09:59:12.001812 [guppy/info] Read '8d38e6eb-a520-4ef7-95f5-52230415953c' from file "signal_molecule_2853_(sequence_2)_8d38e6eb-a520-4ef7-95f5-52230415953c.fast5" has been loaded.
2020-10-28 09:59:12.001829 [guppy/info] Read 'e735ed5b-2e98-48f8-b83d-de77c5c45253' from file "signal_molecule_1049_(sequence_1)_e735ed5b-2e98-48f8-b83d-de77c5c45253.fast5" has been loaded.
2020-10-28 09:59:12.002080 [guppy/info] Read '14c117c8-ec42-4148-93d2-c5e6868f5777' from file "signal_molecule_1459_(sequence_1)_14c117c8-ec42-4148-93d2-c5e6868f5777.fast5" has been loaded.
2020-10-28 09:59:12.002094 [guppy/info] Read '043132ef-bc49-43e8-bf5b-10779d5e6630' from file "signal_molecule_825_(sequence_0)_043132ef-bc49-43e8-bf5b-10779d5e6630.fast5" has been loaded.
2020-10-28 09:59:12.002105 [guppy/info] Read '555488eb-fe38-4836-ab09-fa98f5797337' from file "signal_molecule_823_(sequence_0)_555488eb-fe38-4836-ab09-fa98f5797337.fast5" has been loaded.
2020-10-28 09:59:12.002116 [guppy/info] Read 'ec2934fe-f7f0-4d77-ba18-c2b23f286323' from file "signal_molecule_2860_(sequence_2)_ec2934fe-f7f0-4d77-ba18-c2b23f286323.fast5" has been loaded.
2020-10-28 09:59:12.002127 [guppy/info] Read 'f3a34a6e-a797-4cdf-9c63-4ec149c29ae0' from file "signal_molecule_1766_(sequence_1)_f3a34a6e-a797-4cdf-9c63-4ec149c29ae0.fast5" has been loaded.
2020-10-28 09:59:12.002138 [guppy/info] Read 'c4e26397-c0d4-4239-aeaa-ed031815c7bf' from file "signal_molecule_1369_(sequence_1)_c4e26397-c0d4-4239-aeaa-ed031815c7bf.fast5" has been loaded.
2020-10-28 09:59:12.002149 [guppy/info] Read '1d90eb76-1aee-49f1-8c3c-f7c95f9b42c9' from file "signal_molecule_691_(sequence_0)_1d90eb76-1aee-49f1-8c3c-f7c95f9b42c9.fast5" has been loaded.
2020-10-28 09:59:12.002160 [guppy/info] Read '7ab1b08b-784c-4e10-af1e-74f1c27bf2b0' from file "signal_molecule_2345_(sequence_2)_7ab1b08b-784c-4e10-af1e-74f1c27bf2b0.fast5" has been loaded.
2020-10-28 09:59:12.002171 [guppy/info] Read '023f4b9a-6a10-47f4-b138-c3081e2a8a77' from file "signal_molecule_1659_(sequence_1)_023f4b9a-6a10-47f4-b138-c3081e2a8a77.fast5" has been loaded.
2020-10-28 09:59:12.002182 [guppy/info] Read 'd7ace4d7-a5e7-4326-9416-663c721ee1e7' from file "signal_molecule_314_(sequence_0)_d7ace4d7-a5e7-4326-9416-663c721ee1e7.fast5" has been loaded.
2020-10-28 09:59:12.004373 [guppy/info] Read '723b5041-523e-4407-85f4-ef6c03e676b2' from file "signal_molecule_1610_(sequence_1)_723b5041-523e-4407-85f4-ef6c03e676b2.fast5" has been loaded.
2020-10-28 09:59:12.006566 [guppy/info] Read 'a5c2df27-f7bd-46ab-b3ac-32d69c4bf59c' from file "signal_molecule_2229_(sequence_2)_a5c2df27-f7bd-46ab-b3ac-32d69c4bf59c.fast5" has been loaded.
2020-10-28 09:59:12.008772 [guppy/info] Read '038101c3-cbd9-4a50-8661-caa1e805260b' from file "signal_molecule_2567_(sequence_2)_038101c3-cbd9-4a50-8661-caa1e805260b.fast5" has been loaded.
2020-10-28 09:59:12.012049 [guppy/info] Read 'd7d5e2e8-616f-4fef-8588-62d7932001e7' from file "signal_molecule_270_(sequence_0)_d7d5e2e8-616f-4fef-8588-62d7932001e7.fast5" has been loaded.
2020-10-28 09:59:12.014316 [guppy/info] Read 'bc20339d-8849-40bf-822d-a05e05ff1b99' from file "signal_molecule_1263_(sequence_1)_bc20339d-8849-40bf-822d-a05e05ff1b99.fast5" has been loaded.
2020-10-28 09:59:12.015477 [guppy/info] Read '5c57b208-1934-4ff6-b595-f15e4c9f742e' from file "signal_molecule_2641_(sequence_2)_5c57b208-1934-4ff6-b595-f15e4c9f742e.fast5" has been loaded.
2020-10-28 09:59:12.016767 [guppy/info] Read '7f649bb7-1c13-498c-bb39-0b2b1c220164' from file "signal_molecule_2184_(sequence_2)_7f649bb7-1c13-498c-bb39-0b2b1c220164.fast5" has been loaded.
2020-10-28 09:59:12.020636 [guppy/info] Read '0fffeb98-3bb7-413b-81c3-5ebc3ba09ee2' from file "signal_molecule_408_(sequence_0)_0fffeb98-3bb7-413b-81c3-5ebc3ba09ee2.fast5" has been loaded.
2020-10-28 09:59:12.021761 [guppy/info] Read 'dac6ee90-6c76-49da-b22b-fd8a6c431e46' from file "signal_molecule_892_(sequence_0)_dac6ee90-6c76-49da-b22b-fd8a6c431e46.fast5" has been loaded.
2020-10-28 09:59:12.022986 [guppy/info] Read '64637a5d-9248-4683-90ae-776d1664f312' from file "signal_molecule_344_(sequence_0)_64637a5d-9248-4683-90ae-776d1664f312.fast5" has been loaded.
2020-10-28 09:59:12.035537 [guppy/info] Read '329eb2d9-c099-4165-96b4-6e0c17f8878b' from file "signal_molecule_1980_(sequence_1)_329eb2d9-c099-4165-96b4-6e0c17f8878b.fast5" has been loaded.
2020-10-28 09:59:12.035579 [guppy/info] Read 'd7bcccd6-049b-43f8-859f-4f1c83aaddbb' from file "signal_molecule_2302_(sequence_2)_d7bcccd6-049b-43f8-859f-4f1c83aaddbb.fast5" has been loaded.
2020-10-28 09:59:12.035590 [guppy/info] Read '583282b3-4b2c-4f81-ae11-07709e96b264' from file "signal_molecule_244_(sequence_0)_583282b3-4b2c-4f81-ae11-07709e96b264.fast5" has been loaded.
2020-10-28 09:59:12.035598 [guppy/info] Read 'ea6399cf-ef59-4a1f-8422-9d04d2703f7d' from file "signal_molecule_2382_(sequence_2)_ea6399cf-ef59-4a1f-8422-9d04d2703f7d.fast5" has been loaded.
2020-10-28 09:59:12.035606 [guppy/info] Read 'c5e7ff5e-db54-4db3-bbf4-e55b52c170b8' from file "signal_molecule_868_(sequence_0)_c5e7ff5e-db54-4db3-bbf4-e55b52c170b8.fast5" has been loaded.
2020-10-28 09:59:12.035614 [guppy/info] Read 'c125ca09-5f89-491c-a4c2-f79236d16446' from file "signal_molecule_588_(sequence_0)_c125ca09-5f89-491c-a4c2-f79236d16446.fast5" has been loaded.
2020-10-28 09:59:12.035621 [guppy/info] Read 'b6e6fcf8-181a-4396-807e-4285ab818da0' from file "signal_molecule_253_(sequence_0)_b6e6fcf8-181a-4396-807e-4285ab818da0.fast5" has been loaded.
2020-10-28 09:59:12.035629 [guppy/info] Read 'a1c22494-3862-47ff-952d-3edbbc75308b' from file "signal_molecule_1107_(sequence_1)_a1c22494-3862-47ff-952d-3edbbc75308b.fast5" has been loaded.
2020-10-28 09:59:12.035636 [guppy/info] Read 'd671e0ab-b567-4e52-b682-6d66ab4cae06' from file "signal_molecule_451_(sequence_0)_d671e0ab-b567-4e52-b682-6d66ab4cae06.fast5" has been loaded.
2020-10-28 09:59:12.037772 [guppy/info] Read 'd556e8a3-b3f5-434b-a355-327cf1d76f4a' from file "signal_molecule_294_(sequence_0)_d556e8a3-b3f5-434b-a355-327cf1d76f4a.fast5" has been loaded.
2020-10-28 09:59:12.038866 [guppy/info] Read '912a9214-e6b1-41ab-9f61-59b305f8040a' from file "signal_molecule_2341_(sequence_2)_912a9214-e6b1-41ab-9f61-59b305f8040a.fast5" has been loaded.
2020-10-28 09:59:12.039967 [guppy/info] Read '7fade89e-ca2f-45ad-9458-869b5bb72a59' from file "signal_molecule_1799_(sequence_1)_7fade89e-ca2f-45ad-9458-869b5bb72a59.fast5" has been loaded.
2020-10-28 09:59:12.043492 [guppy/info] Read '9fd4b741-f83b-47b8-a375-6785c932ca90' from file "signal_molecule_2118_(sequence_2)_9fd4b741-f83b-47b8-a375-6785c932ca90.fast5" has been loaded.
2020-10-28 09:59:12.043551 [guppy/info] Dispatched batch 0 containing 100 inputs:
2020-10-28 09:59:12.043568 [guppy/info] Batch input 0 : /udd/oboulle/Documents/workflow_global/workflow_python/exemple/4_sequencing/fast5/signal_molecule_307_(sequence_0)_341b21f5-7fb0-481a-aab0-06635c737d99.fast5
2020-10-28 09:59:12.043574 [guppy/info] Batch input 0 : /udd/oboulle/Documents/workflow_global/workflow_python/exemple/4_sequencing/fast5/signal_molecule_2901_(sequence_2)_406d8286-1a86-4d68-9215-3113ffca266d.fast5
2020-10-28 09:59:12.043578 [guppy/info] Batch input 0 : /udd/oboulle/Documents/workflow_global/workflow_python/exemple/4_sequencing/fast5/signal_molecule_988_(sequence_0)_bdaa3a13-99fd-4a60-af4e-f868e6dd57d8.fast5
2020-10-28 09:59:12.043588 [guppy/info] Batch input 0 : /udd/oboulle/Documents/workflow_global/workflow_python/exemple/4_sequencing/fast5/signal_molecule_1314_(sequence_1)_dec52af8-7d24-4ea5-aeaf-2bdc55556f82.fast5
2020-10-28 09:59:12.043592 [guppy/info] Batch input 0 : /udd/oboulle/Documents/workflow_global/workflow_python/exemple/4_sequencing/fast5/signal_molecule_2390_(sequence_2)_e35fdacc-2348-4f6d-91c0-77648ae19400.fast5
2020-10-28 09:59:12.043596 [guppy/info] Batch input 0 : /udd/oboulle/Documents/workflow_global/workflow_python/exemple/4_sequencing/fast5/signal_molecule_2269_(sequence_2)_a477d1e8-0ac8-400b-9dd7-9968f3f7997d.fast5
2020-10-28 09:59:12.043601 [guppy/info] Batch input 0 : /udd/oboulle/Documents/workflow_global/workflow_python/exemple/4_sequencing/fast5/signal_molecule_2597_(sequence_2)_73a8b6ae-ce6a-4367-a8e6-b80c2ddfdd3d.fast5
2020-10-28 09:59:12.043605 [guppy/info] Batch input 0 : /udd/oboulle/Documents/workflow_global/workflow_python/exemple/4_sequencing/fast5/signal_molecule_2248_(sequence_2)_9d7845ea-c044-4a03-bb53-175d37fc1c41.fast5
2020-10-28 09:59:12.043609 [guppy/info] Batch input 0 : /udd/oboulle/Documents/workflow_global/workflow_python/exemple/4_sequencing/fast5/signal_molecule_423_(sequence_0)_e5cd4266-514c-45d2-935e-6a7d19a2aec7.fast5
2020-10-28 09:59:12.043613 [guppy/info] Batch input 0 : /udd/oboulle/Documents/workflow_global/workflow_python/exemple/4_sequencing/fast5/signal_molecule_748_(sequence_0)_3353337d-901e-4990-8fe9-254ea81dab61.fast5
2020-10-28 09:59:12.043617 [guppy/info] Batch input 0 : /udd/oboulle/Documents/workflow_global/workflow_python/exemple/4_sequencing/fast5/signal_molecule_573_(sequence_0)_61283335-3309-4dc3-be50-56aa44af7efb.fast5
2020-10-28 09:59:12.043621 [guppy/info] Batch input 0 : /udd/oboulle/Documents/workflow_global/workflow_python/exemple/4_sequencing/fast5/signal_molecule_2725_(sequence_2)_ebf5f254-18de-4488-95d4-fb1a0954ebd9.fast5
2020-10-28 09:59:12.043625 [guppy/info] Batch input 0 : /udd/oboulle/Documents/workflow_global/workflow_python/exemple/4_sequencing/fast5/signal_molecule_1401_(sequence_1)_8e09b49b-f2d4-4c6c-9e21-35a12b275bc0.fast5
2020-10-28 09:59:12.043629 [guppy/info] Batch input 0 : /udd/oboulle/Documents/workflow_global/workflow_python/exemple/4_sequencing/fast5/signal_molecule_512_(sequence_0)_359de3c0-3ad7-490f-a653-2bbad909c88f.fast5
2020-10-28 09:59:12.043633 [guppy/info] Batch input 0 : /udd/oboulle/Documents/workflow_global/workflow_python/exemple/4_sequencing/fast5/signal_molecule_1940_(sequence_1)_f14951d7-8b2c-4aaf-abaa-fcd30c43f29f.fast5
2020-10-28 09:59:12.043637 [guppy/info] Batch input 0 : /udd/oboulle/Documents/workflow_global/workflow_python/exemple/4_sequencing/fast5/signal_molecule_2265_(sequence_2)_60684b06-dce4-4cb7-846e-a24ce01ec700.fast5
2020-10-28 09:59:12.043641 [guppy/info] Batch input 0 : /udd/oboulle/Documents/workflow_global/workflow_python/exemple/4_sequencing/fast5/signal_molecule_529_(sequence_0)_d4b51425-b231-45a5-909b-5011c7f3d314.fast5
2020-10-28 09:59:12.043645 [guppy/info] Batch input 0 : /udd/oboulle/Documents/workflow_global/workflow_python/exemple/4_sequencing/fast5/signal_molecule_1288_(sequence_1)_1f391080-87d7-46db-b6c2-f873b8973acb.fast5
2020-10-28 09:59:12.043649 [guppy/info] Batch input 0 : /udd/oboulle/Documents/workflow_global/workflow_python/exemple/4_sequencing/fast5/signal_molecule_807_(sequence_0)_3e8f6679-f905-4e10-8560-b1a4993bcdac.fast5
2020-10-28 09:59:12.043653 [guppy/info] Batch input 0 : /udd/oboulle/Documents/workflow_global/workflow_python/exemple/4_sequencing/fast5/signal_molecule_499_(sequence_0)_95785d1c-c19f-41ec-87c4-dc1b276317e0.fast5
2020-10-28 09:59:12.043657 [guppy/info] Batch input 0 : /udd/oboulle/Documents/workflow_global/workflow_python/exemple/4_sequencing/fast5/signal_molecule_1634_(sequence_1)_f73b3003-df49-406d-a2ce-95d87580d761.fast5
2020-10-28 09:59:12.043661 [guppy/info] Batch input 0 : /udd/oboulle/Documents/workflow_global/workflow_python/exemple/4_sequencing/fast5/signal_molecule_2872_(sequence_2)_4d4d1091-9df1-4915-974a-451cd3911549.fast5
2020-10-28 09:59:12.043667 [guppy/info] Batch input 0 : /udd/oboulle/Documents/workflow_global/workflow_python/exemple/4_sequencing/fast5/signal_molecule_278_(sequence_0)_c22577f4-6cb7-4107-81f4-b5b6c2bb9281.fast5
2020-10-28 09:59:12.043671 [guppy/info] Batch input 0 : /udd/oboulle/Documents/workflow_global/workflow_python/exemple/4_sequencing/fast5/signal_molecule_215_(sequence_0)_69258cba-7e18-4ade-876f-da30644dc690.fast5
2020-10-28 09:59:12.043675 [guppy/info] Batch input 0 : /udd/oboulle/Documents/workflow_global/workflow_python/exemple/4_sequencing/fast5/signal_molecule_2869_(sequence_2)_c80ed7d0-a9c6-47b4-a5bb-04feeaa9d2db.fast5
2020-10-28 09:59:12.043679 [guppy/info] Batch input 0 : /udd/oboulle/Documents/workflow_global/workflow_python/exemple/4_sequencing/fast5/signal_molecule_824_(sequence_0)_412f5a00-4d50-494b-a40c-05be4dbd9a9b.fast5
2020-10-28 09:59:12.043683 [guppy/info] Batch input 0 : /udd/oboulle/Documents/workflow_global/workflow_python/exemple/4_sequencing/fast5/signal_molecule_2626_(sequence_2)_7dcb8905-d5cf-457f-bbcc-fa7c902792ba.fast5
2020-10-28 09:59:12.043687 [guppy/info] Batch input 0 : /udd/oboulle/Documents/workflow_global/workflow_python/exemple/4_sequencing/fast5/signal_molecule_1233_(sequence_1)_bae3bef5-edbc-4cfc-b38c-ef971f061117.fast5
2020-10-28 09:59:12.043691 [guppy/info] Batch input 0 : /udd/oboulle/Documents/workflow_global/workflow_python/exemple/4_sequencing/fast5/signal_molecule_931_(sequence_0)_74e23d89-e769-4114-b697-a1871d329def.fast5
2020-10-28 09:59:12.043695 [guppy/info] Batch input 0 : /udd/oboulle/Documents/workflow_global/workflow_python/exemple/4_sequencing/fast5/signal_molecule_1679_(sequence_1)_59c20f5a-0eb8-45fb-b437-634a428385a4.fast5
2020-10-28 09:59:12.043699 [guppy/info] Batch input 0 : /udd/oboulle/Documents/workflow_global/workflow_python/exemple/4_sequencing/fast5/signal_molecule_1544_(sequence_1)_1c8d5f36-6ff8-476c-9969-0c407091547c.fast5
2020-10-28 09:59:12.043703 [guppy/info] Batch input 0 : /udd/oboulle/Documents/workflow_global/workflow_python/exemple/4_sequencing/fast5/signal_molecule_912_(sequence_0)_57aba66a-04f1-492a-b952-edf52064596d.fast5
2020-10-28 09:59:12.043707 [guppy/info] Batch input 0 : /udd/oboulle/Documents/workflow_global/workflow_python/exemple/4_sequencing/fast5/signal_molecule_2639_(sequence_2)_0483aa0d-a47b-4e14-8faf-5a8c13436d96.fast5
2020-10-28 09:59:12.043711 [guppy/info] Batch input 0 : /udd/oboulle/Documents/workflow_global/workflow_python/exemple/4_sequencing/fast5/signal_molecule_1998_(sequence_1)_155c5e63-8b86-423a-8367-01d79eee3b83.fast5
2020-10-28 09:59:12.043715 [guppy/info] Batch input 0 : /udd/oboulle/Documents/workflow_global/workflow_python/exemple/4_sequencing/fast5/signal_molecule_1306_(sequence_1)_194d1c01-23b7-457d-b6e5-db3f6c2d47cb.fast5
2020-10-28 09:59:12.043719 [guppy/info] Batch input 0 : /udd/oboulle/Documents/workflow_global/workflow_python/exemple/4_sequencing/fast5/signal_molecule_944_(sequence_0)_816c5156-710d-4f6e-821a-f30795c3902b.fast5
2020-10-28 09:59:12.043722 [guppy/info] Batch input 0 : /udd/oboulle/Documents/workflow_global/workflow_python/exemple/4_sequencing/fast5/signal_molecule_2800_(sequence_2)_1f3f274f-2dfa-4d19-b111-e9a657b28d50.fast5
2020-10-28 09:59:12.043727 [guppy/info] Batch input 0 : /udd/oboulle/Documents/workflow_global/workflow_python/exemple/4_sequencing/fast5/signal_molecule_1588_(sequence_1)_bd1305d3-ff0c-415c-82bc-09473eea9303.fast5
2020-10-28 09:59:12.043731 [guppy/info] Batch input 0 : /udd/oboulle/Documents/workflow_global/workflow_python/exemple/4_sequencing/fast5/signal_molecule_1390_(sequence_1)_9defde76-cfca-46fd-828a-aa5f4ae0d354.fast5
2020-10-28 09:59:12.043735 [guppy/info] Batch input 0 : /udd/oboulle/Documents/workflow_global/workflow_python/exemple/4_sequencing/fast5/signal_molecule_1478_(sequence_1)_9300d17b-b500-4275-a19f-3f174dbfe616.fast5
2020-10-28 09:59:12.043738 [guppy/info] Batch input 0 : /udd/oboulle/Documents/workflow_global/workflow_python/exemple/4_sequencing/fast5/signal_molecule_2856_(sequence_2)_8380a9b5-9bbc-4364-85f5-9d87edbdaf7c.fast5
2020-10-28 09:59:12.043742 [guppy/info] Batch input 0 : /udd/oboulle/Documents/workflow_global/workflow_python/exemple/4_sequencing/fast5/signal_molecule_1878_(sequence_1)_733d0172-bc51-478b-96df-43d20b5cea1c.fast5
2020-10-28 09:59:12.043748 [guppy/info] Batch input 0 : /udd/oboulle/Documents/workflow_global/workflow_python/exemple/4_sequencing/fast5/signal_molecule_198_(sequence_0)_c0e1e4c0-1677-4b65-9257-381b3e9c7596.fast5
2020-10-28 09:59:12.043752 [guppy/info] Batch input 0 : /udd/oboulle/Documents/workflow_global/workflow_python/exemple/4_sequencing/fast5/signal_molecule_90_(sequence_0)_b8bb079f-11ea-4455-8a74-edba5a47092b.fast5
2020-10-28 09:59:12.043757 [guppy/info] Batch input 0 : /udd/oboulle/Documents/workflow_global/workflow_python/exemple/4_sequencing/fast5/signal_molecule_2205_(sequence_2)_7995b1e1-4a53-4dd7-ae99-f475f8cabc5a.fast5
2020-10-28 09:59:12.043761 [guppy/info] Batch input 0 : /udd/oboulle/Documents/workflow_global/workflow_python/exemple/4_sequencing/fast5/signal_molecule_1676_(sequence_1)_83d46001-0215-4991-ba20-8677a30ad23b.fast5
2020-10-28 09:59:12.043764 [guppy/info] Batch input 0 : /udd/oboulle/Documents/workflow_global/workflow_python/exemple/4_sequencing/fast5/signal_molecule_2701_(sequence_2)_75e3113a-8c66-45b9-a03a-503750a8555b.fast5
2020-10-28 09:59:12.043768 [guppy/info] Batch input 0 : /udd/oboulle/Documents/workflow_global/workflow_python/exemple/4_sequencing/fast5/signal_molecule_30_(sequence_0)_f98619e6-50c4-4d5c-beb9-40bc91695daa.fast5
2020-10-28 09:59:12.043772 [guppy/info] Batch input 0 : /udd/oboulle/Documents/workflow_global/workflow_python/exemple/4_sequencing/fast5/signal_molecule_616_(sequence_0)_e6141552-f2bb-4b97-8eed-2b5034b11d33.fast5
2020-10-28 09:59:12.043776 [guppy/info] Batch input 0 : /udd/oboulle/Documents/workflow_global/workflow_python/exemple/4_sequencing/fast5/signal_molecule_743_(sequence_0)_437edcbb-59fe-4c58-aa41-cf356dc31a8a.fast5
2020-10-28 09:59:12.043780 [guppy/info] Batch input 0 : /udd/oboulle/Documents/workflow_global/workflow_python/exemple/4_sequencing/fast5/signal_molecule_2778_(sequence_2)_52be4351-6b6b-40a2-8b32-674cd501d772.fast5
2020-10-28 09:59:12.043784 [guppy/info] Batch input 0 : /udd/oboulle/Documents/workflow_global/workflow_python/exemple/4_sequencing/fast5/signal_molecule_2342_(sequence_2)_d67c2c63-a766-485b-9fc1-c679eafc25af.fast5
2020-10-28 09:59:12.043788 [guppy/info] Batch input 0 : /udd/oboulle/Documents/workflow_global/workflow_python/exemple/4_sequencing/fast5/signal_molecule_2268_(sequence_2)_77e65092-6947-4e3f-a9b5-26058402e315.fast5
2020-10-28 09:59:12.043792 [guppy/info] Batch input 0 : /udd/oboulle/Documents/workflow_global/workflow_python/exemple/4_sequencing/fast5/signal_molecule_1695_(sequence_1)_f9ff182a-61c0-4f51-8867-7a9f8c0b31aa.fast5
2020-10-28 09:59:12.043796 [guppy/info] Batch input 0 : /udd/oboulle/Documents/workflow_global/workflow_python/exemple/4_sequencing/fast5/signal_molecule_1307_(sequence_1)_1026b297-91f4-4f2c-8637-4ff66ca42554.fast5
2020-10-28 09:59:12.043800 [guppy/info] Batch input 0 : /udd/oboulle/Documents/workflow_global/workflow_python/exemple/4_sequencing/fast5/signal_molecule_2083_(sequence_2)_9a02bb9a-d242-48fa-ac3a-5904e7af2af3.fast5
2020-10-28 09:59:12.043804 [guppy/info] Batch input 0 : /udd/oboulle/Documents/workflow_global/workflow_python/exemple/4_sequencing/fast5/signal_molecule_88_(sequence_0)_67ef8526-4244-429a-8bd8-b35dc2591b07.fast5
2020-10-28 09:59:12.043808 [guppy/info] Batch input 0 : /udd/oboulle/Documents/workflow_global/workflow_python/exemple/4_sequencing/fast5/signal_molecule_1822_(sequence_1)_7576a50f-8b30-4340-962a-7f6d98aceb80.fast5
2020-10-28 09:59:12.043812 [guppy/info] Batch input 0 : /udd/oboulle/Documents/workflow_global/workflow_python/exemple/4_sequencing/fast5/signal_molecule_818_(sequence_0)_a23e5ce0-6d65-4f75-9ec8-adce034f9f71.fast5
2020-10-28 09:59:12.043816 [guppy/info] Batch input 0 : /udd/oboulle/Documents/workflow_global/workflow_python/exemple/4_sequencing/fast5/signal_molecule_1133_(sequence_1)_c9722f3d-4002-4f3a-8d37-255ee84ec706.fast5
2020-10-28 09:59:12.043820 [guppy/info] Batch input 0 : /udd/oboulle/Documents/workflow_global/workflow_python/exemple/4_sequencing/fast5/signal_molecule_1971_(sequence_1)_5a7448b1-10fe-4cd4-b201-6666dd370fcc.fast5
2020-10-28 09:59:12.043826 [guppy/info] Batch input 0 : /udd/oboulle/Documents/workflow_global/workflow_python/exemple/4_sequencing/fast5/signal_molecule_209_(sequence_0)_5ef69715-31c2-460f-90f6-0d2212babdcf.fast5
2020-10-28 09:59:12.043830 [guppy/info] Batch input 0 : /udd/oboulle/Documents/workflow_global/workflow_python/exemple/4_sequencing/fast5/signal_molecule_2534_(sequence_2)_6cf77009-0d16-4a70-bf1f-98f83ac8adcb.fast5
2020-10-28 09:59:12.043834 [guppy/info] Batch input 0 : /udd/oboulle/Documents/workflow_global/workflow_python/exemple/4_sequencing/fast5/signal_molecule_435_(sequence_0)_27d934c6-b760-4bbd-b0ac-1ab8bd4df928.fast5
2020-10-28 09:59:12.043838 [guppy/info] Batch input 0 : /udd/oboulle/Documents/workflow_global/workflow_python/exemple/4_sequencing/fast5/signal_molecule_1127_(sequence_1)_347b44e1-81b2-42d0-b65c-241792a0956b.fast5
2020-10-28 09:59:12.043842 [guppy/info] Batch input 0 : /udd/oboulle/Documents/workflow_global/workflow_python/exemple/4_sequencing/fast5/signal_molecule_2853_(sequence_2)_8d38e6eb-a520-4ef7-95f5-52230415953c.fast5
2020-10-28 09:59:12.043846 [guppy/info] Batch input 0 : /udd/oboulle/Documents/workflow_global/workflow_python/exemple/4_sequencing/fast5/signal_molecule_1049_(sequence_1)_e735ed5b-2e98-48f8-b83d-de77c5c45253.fast5
2020-10-28 09:59:12.043849 [guppy/info] Batch input 0 : /udd/oboulle/Documents/workflow_global/workflow_python/exemple/4_sequencing/fast5/signal_molecule_1459_(sequence_1)_14c117c8-ec42-4148-93d2-c5e6868f5777.fast5
2020-10-28 09:59:12.043854 [guppy/info] Batch input 0 : /udd/oboulle/Documents/workflow_global/workflow_python/exemple/4_sequencing/fast5/signal_molecule_825_(sequence_0)_043132ef-bc49-43e8-bf5b-10779d5e6630.fast5
2020-10-28 09:59:12.043858 [guppy/info] Batch input 0 : /udd/oboulle/Documents/workflow_global/workflow_python/exemple/4_sequencing/fast5/signal_molecule_823_(sequence_0)_555488eb-fe38-4836-ab09-fa98f5797337.fast5
2020-10-28 09:59:12.043861 [guppy/info] Batch input 0 : /udd/oboulle/Documents/workflow_global/workflow_python/exemple/4_sequencing/fast5/signal_molecule_2860_(sequence_2)_ec2934fe-f7f0-4d77-ba18-c2b23f286323.fast5
2020-10-28 09:59:12.043865 [guppy/info] Batch input 0 : /udd/oboulle/Documents/workflow_global/workflow_python/exemple/4_sequencing/fast5/signal_molecule_1766_(sequence_1)_f3a34a6e-a797-4cdf-9c63-4ec149c29ae0.fast5
2020-10-28 09:59:12.043869 [guppy/info] Batch input 0 : /udd/oboulle/Documents/workflow_global/workflow_python/exemple/4_sequencing/fast5/signal_molecule_1369_(sequence_1)_c4e26397-c0d4-4239-aeaa-ed031815c7bf.fast5
2020-10-28 09:59:12.043874 [guppy/info] Batch input 0 : /udd/oboulle/Documents/workflow_global/workflow_python/exemple/4_sequencing/fast5/signal_molecule_691_(sequence_0)_1d90eb76-1aee-49f1-8c3c-f7c95f9b42c9.fast5
2020-10-28 09:59:12.043877 [guppy/info] Batch input 0 : /udd/oboulle/Documents/workflow_global/workflow_python/exemple/4_sequencing/fast5/signal_molecule_2345_(sequence_2)_7ab1b08b-784c-4e10-af1e-74f1c27bf2b0.fast5
2020-10-28 09:59:12.043881 [guppy/info] Batch input 0 : /udd/oboulle/Documents/workflow_global/workflow_python/exemple/4_sequencing/fast5/signal_molecule_1659_(sequence_1)_023f4b9a-6a10-47f4-b138-c3081e2a8a77.fast5
2020-10-28 09:59:12.043885 [guppy/info] Batch input 0 : /udd/oboulle/Documents/workflow_global/workflow_python/exemple/4_sequencing/fast5/signal_molecule_314_(sequence_0)_d7ace4d7-a5e7-4326-9416-663c721ee1e7.fast5
2020-10-28 09:59:12.043889 [guppy/info] Batch input 0 : /udd/oboulle/Documents/workflow_global/workflow_python/exemple/4_sequencing/fast5/signal_molecule_1610_(sequence_1)_723b5041-523e-4407-85f4-ef6c03e676b2.fast5
2020-10-28 09:59:12.043893 [guppy/info] Batch input 0 : /udd/oboulle/Documents/workflow_global/workflow_python/exemple/4_sequencing/fast5/signal_molecule_2229_(sequence_2)_a5c2df27-f7bd-46ab-b3ac-32d69c4bf59c.fast5
2020-10-28 09:59:12.043897 [guppy/info] Batch input 0 : /udd/oboulle/Documents/workflow_global/workflow_python/exemple/4_sequencing/fast5/signal_molecule_2567_(sequence_2)_038101c3-cbd9-4a50-8661-caa1e805260b.fast5
2020-10-28 09:59:12.043903 [guppy/info] Batch input 0 : /udd/oboulle/Documents/workflow_global/workflow_python/exemple/4_sequencing/fast5/signal_molecule_270_(sequence_0)_d7d5e2e8-616f-4fef-8588-62d7932001e7.fast5
2020-10-28 09:59:12.043908 [guppy/info] Batch input 0 : /udd/oboulle/Documents/workflow_global/workflow_python/exemple/4_sequencing/fast5/signal_molecule_1263_(sequence_1)_bc20339d-8849-40bf-822d-a05e05ff1b99.fast5
2020-10-28 09:59:12.043912 [guppy/info] Batch input 0 : /udd/oboulle/Documents/workflow_global/workflow_python/exemple/4_sequencing/fast5/signal_molecule_2641_(sequence_2)_5c57b208-1934-4ff6-b595-f15e4c9f742e.fast5
2020-10-28 09:59:12.043916 [guppy/info] Batch input 0 : /udd/oboulle/Documents/workflow_global/workflow_python/exemple/4_sequencing/fast5/signal_molecule_2184_(sequence_2)_7f649bb7-1c13-498c-bb39-0b2b1c220164.fast5
2020-10-28 09:59:12.043920 [guppy/info] Batch input 0 : /udd/oboulle/Documents/workflow_global/workflow_python/exemple/4_sequencing/fast5/signal_molecule_408_(sequence_0)_0fffeb98-3bb7-413b-81c3-5ebc3ba09ee2.fast5
2020-10-28 09:59:12.043924 [guppy/info] Batch input 0 : /udd/oboulle/Documents/workflow_global/workflow_python/exemple/4_sequencing/fast5/signal_molecule_892_(sequence_0)_dac6ee90-6c76-49da-b22b-fd8a6c431e46.fast5
2020-10-28 09:59:12.043928 [guppy/info] Batch input 0 : /udd/oboulle/Documents/workflow_global/workflow_python/exemple/4_sequencing/fast5/signal_molecule_344_(sequence_0)_64637a5d-9248-4683-90ae-776d1664f312.fast5
2020-10-28 09:59:12.043932 [guppy/info] Batch input 0 : /udd/oboulle/Documents/workflow_global/workflow_python/exemple/4_sequencing/fast5/signal_molecule_1980_(sequence_1)_329eb2d9-c099-4165-96b4-6e0c17f8878b.fast5
2020-10-28 09:59:12.043936 [guppy/info] Batch input 0 : /udd/oboulle/Documents/workflow_global/workflow_python/exemple/4_sequencing/fast5/signal_molecule_2302_(sequence_2)_d7bcccd6-049b-43f8-859f-4f1c83aaddbb.fast5
2020-10-28 09:59:12.043940 [guppy/info] Batch input 0 : /udd/oboulle/Documents/workflow_global/workflow_python/exemple/4_sequencing/fast5/signal_molecule_244_(sequence_0)_583282b3-4b2c-4f81-ae11-07709e96b264.fast5
2020-10-28 09:59:12.043944 [guppy/info] Batch input 0 : /udd/oboulle/Documents/workflow_global/workflow_python/exemple/4_sequencing/fast5/signal_molecule_2382_(sequence_2)_ea6399cf-ef59-4a1f-8422-9d04d2703f7d.fast5
2020-10-28 09:59:12.043948 [guppy/info] Batch input 0 : /udd/oboulle/Documents/workflow_global/workflow_python/exemple/4_sequencing/fast5/signal_molecule_868_(sequence_0)_c5e7ff5e-db54-4db3-bbf4-e55b52c170b8.fast5
2020-10-28 09:59:12.043952 [guppy/info] Batch input 0 : /udd/oboulle/Documents/workflow_global/workflow_python/exemple/4_sequencing/fast5/signal_molecule_588_(sequence_0)_c125ca09-5f89-491c-a4c2-f79236d16446.fast5
2020-10-28 09:59:12.043956 [guppy/info] Batch input 0 : /udd/oboulle/Documents/workflow_global/workflow_python/exemple/4_sequencing/fast5/signal_molecule_253_(sequence_0)_b6e6fcf8-181a-4396-807e-4285ab818da0.fast5
2020-10-28 09:59:12.043959 [guppy/info] Batch input 0 : /udd/oboulle/Documents/workflow_global/workflow_python/exemple/4_sequencing/fast5/signal_molecule_1107_(sequence_1)_a1c22494-3862-47ff-952d-3edbbc75308b.fast5
2020-10-28 09:59:12.043963 [guppy/info] Batch input 0 : /udd/oboulle/Documents/workflow_global/workflow_python/exemple/4_sequencing/fast5/signal_molecule_451_(sequence_0)_d671e0ab-b567-4e52-b682-6d66ab4cae06.fast5
2020-10-28 09:59:12.043967 [guppy/info] Batch input 0 : /udd/oboulle/Documents/workflow_global/workflow_python/exemple/4_sequencing/fast5/signal_molecule_294_(sequence_0)_d556e8a3-b3f5-434b-a355-327cf1d76f4a.fast5
2020-10-28 09:59:12.043971 [guppy/info] Batch input 0 : /udd/oboulle/Documents/workflow_global/workflow_python/exemple/4_sequencing/fast5/signal_molecule_2341_(sequence_2)_912a9214-e6b1-41ab-9f61-59b305f8040a.fast5
2020-10-28 09:59:12.043975 [guppy/info] Batch input 0 : /udd/oboulle/Documents/workflow_global/workflow_python/exemple/4_sequencing/fast5/signal_molecule_1799_(sequence_1)_7fade89e-ca2f-45ad-9458-869b5bb72a59.fast5
2020-10-28 09:59:12.043981 [guppy/info] Batch input 0 : /udd/oboulle/Documents/workflow_global/workflow_python/exemple/4_sequencing/fast5/signal_molecule_2118_(sequence_2)_9fd4b741-f83b-47b8-a375-6785c932ca90.fast5
2020-10-28 09:59:12.596461 [guppy/info] Read '341b21f5-7fb0-481a-aab0-06635c737d99' from file "signal_molecule_307_(sequence_0)_341b21f5-7fb0-481a-aab0-06635c737d99.fast5" completed.
2020-10-28 09:59:12.596733 [guppy/info] Read '406d8286-1a86-4d68-9215-3113ffca266d' from file "signal_molecule_2901_(sequence_2)_406d8286-1a86-4d68-9215-3113ffca266d.fast5" completed.
2020-10-28 09:59:12.596859 [guppy/info] Read 'bdaa3a13-99fd-4a60-af4e-f868e6dd57d8' from file "signal_molecule_988_(sequence_0)_bdaa3a13-99fd-4a60-af4e-f868e6dd57d8.fast5" completed.
2020-10-28 09:59:12.636032 [guppy/info] Read 'dec52af8-7d24-4ea5-aeaf-2bdc55556f82' from file "signal_molecule_1314_(sequence_1)_dec52af8-7d24-4ea5-aeaf-2bdc55556f82.fast5" completed.
2020-10-28 09:59:12.839131 [guppy/info] Read 'e35fdacc-2348-4f6d-91c0-77648ae19400' from file "signal_molecule_2390_(sequence_2)_e35fdacc-2348-4f6d-91c0-77648ae19400.fast5" completed.
2020-10-28 09:59:12.839297 [guppy/info] Read 'a477d1e8-0ac8-400b-9dd7-9968f3f7997d' from file "signal_molecule_2269_(sequence_2)_a477d1e8-0ac8-400b-9dd7-9968f3f7997d.fast5" completed.
2020-10-28 09:59:12.839400 [guppy/info] Read '73a8b6ae-ce6a-4367-a8e6-b80c2ddfdd3d' from file "signal_molecule_2597_(sequence_2)_73a8b6ae-ce6a-4367-a8e6-b80c2ddfdd3d.fast5" completed.
2020-10-28 09:59:12.839472 [guppy/info] Read '9d7845ea-c044-4a03-bb53-175d37fc1c41' from file "signal_molecule_2248_(sequence_2)_9d7845ea-c044-4a03-bb53-175d37fc1c41.fast5" completed.
2020-10-28 09:59:13.116152 [guppy/info] Read 'e5cd4266-514c-45d2-935e-6a7d19a2aec7' from file "signal_molecule_423_(sequence_0)_e5cd4266-514c-45d2-935e-6a7d19a2aec7.fast5" completed.
2020-10-28 09:59:13.116326 [guppy/info] Read '3353337d-901e-4990-8fe9-254ea81dab61' from file "signal_molecule_748_(sequence_0)_3353337d-901e-4990-8fe9-254ea81dab61.fast5" completed.
2020-10-28 09:59:13.286065 [guppy/info] Read '61283335-3309-4dc3-be50-56aa44af7efb' from file "signal_molecule_573_(sequence_0)_61283335-3309-4dc3-be50-56aa44af7efb.fast5" completed.
2020-10-28 09:59:13.286254 [guppy/info] Read 'ebf5f254-18de-4488-95d4-fb1a0954ebd9' from file "signal_molecule_2725_(sequence_2)_ebf5f254-18de-4488-95d4-fb1a0954ebd9.fast5" completed.
2020-10-28 09:59:13.286357 [guppy/info] Read '8e09b49b-f2d4-4c6c-9e21-35a12b275bc0' from file "signal_molecule_1401_(sequence_1)_8e09b49b-f2d4-4c6c-9e21-35a12b275bc0.fast5" completed.
2020-10-28 09:59:13.492465 [guppy/info] Read '359de3c0-3ad7-490f-a653-2bbad909c88f' from file "signal_molecule_512_(sequence_0)_359de3c0-3ad7-490f-a653-2bbad909c88f.fast5" completed.
2020-10-28 09:59:13.668812 [guppy/info] Read 'f14951d7-8b2c-4aaf-abaa-fcd30c43f29f' from file "signal_molecule_1940_(sequence_1)_f14951d7-8b2c-4aaf-abaa-fcd30c43f29f.fast5" completed.
2020-10-28 09:59:13.669065 [guppy/info] Read '60684b06-dce4-4cb7-846e-a24ce01ec700' from file "signal_molecule_2265_(sequence_2)_60684b06-dce4-4cb7-846e-a24ce01ec700.fast5" completed.
2020-10-28 09:59:13.738678 [guppy/info] Read 'd4b51425-b231-45a5-909b-5011c7f3d314' from file "signal_molecule_529_(sequence_0)_d4b51425-b231-45a5-909b-5011c7f3d314.fast5" completed.
2020-10-28 09:59:13.738856 [guppy/info] Read '1f391080-87d7-46db-b6c2-f873b8973acb' from file "signal_molecule_1288_(sequence_1)_1f391080-87d7-46db-b6c2-f873b8973acb.fast5" completed.
2020-10-28 09:59:13.970768 [guppy/info] Read '3e8f6679-f905-4e10-8560-b1a4993bcdac' from file "signal_molecule_807_(sequence_0)_3e8f6679-f905-4e10-8560-b1a4993bcdac.fast5" completed.
2020-10-28 09:59:13.970940 [guppy/info] Read '95785d1c-c19f-41ec-87c4-dc1b276317e0' from file "signal_molecule_499_(sequence_0)_95785d1c-c19f-41ec-87c4-dc1b276317e0.fast5" completed.
2020-10-28 09:59:14.169330 [guppy/info] Read 'f73b3003-df49-406d-a2ce-95d87580d761' from file "signal_molecule_1634_(sequence_1)_f73b3003-df49-406d-a2ce-95d87580d761.fast5" completed.
2020-10-28 09:59:14.194873 [guppy/info] Read '4d4d1091-9df1-4915-974a-451cd3911549' from file "signal_molecule_2872_(sequence_2)_4d4d1091-9df1-4915-974a-451cd3911549.fast5" completed.
2020-10-28 09:59:14.195153 [guppy/info] Read 'c22577f4-6cb7-4107-81f4-b5b6c2bb9281' from file "signal_molecule_278_(sequence_0)_c22577f4-6cb7-4107-81f4-b5b6c2bb9281.fast5" completed.
2020-10-28 09:59:14.198644 [guppy/info] Read '69258cba-7e18-4ade-876f-da30644dc690' from file "signal_molecule_215_(sequence_0)_69258cba-7e18-4ade-876f-da30644dc690.fast5" completed.
2020-10-28 09:59:14.213229 [guppy/info] Read 'c80ed7d0-a9c6-47b4-a5bb-04feeaa9d2db' from file "signal_molecule_2869_(sequence_2)_c80ed7d0-a9c6-47b4-a5bb-04feeaa9d2db.fast5" completed.
2020-10-28 09:59:14.213401 [guppy/info] Read '412f5a00-4d50-494b-a40c-05be4dbd9a9b' from file "signal_molecule_824_(sequence_0)_412f5a00-4d50-494b-a40c-05be4dbd9a9b.fast5" completed.
2020-10-28 09:59:14.607702 [guppy/info] Read '7dcb8905-d5cf-457f-bbcc-fa7c902792ba' from file "signal_molecule_2626_(sequence_2)_7dcb8905-d5cf-457f-bbcc-fa7c902792ba.fast5" completed.
2020-10-28 09:59:14.827817 [guppy/info] Read 'bae3bef5-edbc-4cfc-b38c-ef971f061117' from file "signal_molecule_1233_(sequence_1)_bae3bef5-edbc-4cfc-b38c-ef971f061117.fast5" completed.
2020-10-28 09:59:14.828030 [guppy/info] Read '74e23d89-e769-4114-b697-a1871d329def' from file "signal_molecule_931_(sequence_0)_74e23d89-e769-4114-b697-a1871d329def.fast5" completed.
2020-10-28 09:59:14.907886 [guppy/info] Read '59c20f5a-0eb8-45fb-b437-634a428385a4' from file "signal_molecule_1679_(sequence_1)_59c20f5a-0eb8-45fb-b437-634a428385a4.fast5" completed.
2020-10-28 09:59:14.908215 [guppy/info] Read '1c8d5f36-6ff8-476c-9969-0c407091547c' from file "signal_molecule_1544_(sequence_1)_1c8d5f36-6ff8-476c-9969-0c407091547c.fast5" completed.
2020-10-28 09:59:15.123644 [guppy/info] Read '57aba66a-04f1-492a-b952-edf52064596d' from file "signal_molecule_912_(sequence_0)_57aba66a-04f1-492a-b952-edf52064596d.fast5" completed.
2020-10-28 09:59:15.123838 [guppy/info] Read '0483aa0d-a47b-4e14-8faf-5a8c13436d96' from file "signal_molecule_2639_(sequence_2)_0483aa0d-a47b-4e14-8faf-5a8c13436d96.fast5" completed.
2020-10-28 09:59:15.123946 [guppy/info] Read '155c5e63-8b86-423a-8367-01d79eee3b83' from file "signal_molecule_1998_(sequence_1)_155c5e63-8b86-423a-8367-01d79eee3b83.fast5" completed.
2020-10-28 09:59:15.380364 [guppy/info] Read '194d1c01-23b7-457d-b6e5-db3f6c2d47cb' from file "signal_molecule_1306_(sequence_1)_194d1c01-23b7-457d-b6e5-db3f6c2d47cb.fast5" completed.
2020-10-28 09:59:15.405306 [guppy/info] Read '816c5156-710d-4f6e-821a-f30795c3902b' from file "signal_molecule_944_(sequence_0)_816c5156-710d-4f6e-821a-f30795c3902b.fast5" completed.
2020-10-28 09:59:15.533525 [guppy/info] Read '1f3f274f-2dfa-4d19-b111-e9a657b28d50' from file "signal_molecule_2800_(sequence_2)_1f3f274f-2dfa-4d19-b111-e9a657b28d50.fast5" completed.
2020-10-28 09:59:15.533762 [guppy/info] Read 'bd1305d3-ff0c-415c-82bc-09473eea9303' from file "signal_molecule_1588_(sequence_1)_bd1305d3-ff0c-415c-82bc-09473eea9303.fast5" completed.
2020-10-28 09:59:15.533924 [guppy/info] Read '9defde76-cfca-46fd-828a-aa5f4ae0d354' from file "signal_molecule_1390_(sequence_1)_9defde76-cfca-46fd-828a-aa5f4ae0d354.fast5" completed.
2020-10-28 09:59:15.773415 [guppy/info] Read '9300d17b-b500-4275-a19f-3f174dbfe616' from file "signal_molecule_1478_(sequence_1)_9300d17b-b500-4275-a19f-3f174dbfe616.fast5" completed.
2020-10-28 09:59:15.805737 [guppy/info] Read '8380a9b5-9bbc-4364-85f5-9d87edbdaf7c' from file "signal_molecule_2856_(sequence_2)_8380a9b5-9bbc-4364-85f5-9d87edbdaf7c.fast5" completed.
2020-10-28 09:59:15.808066 [guppy/info] Read '733d0172-bc51-478b-96df-43d20b5cea1c' from file "signal_molecule_1878_(sequence_1)_733d0172-bc51-478b-96df-43d20b5cea1c.fast5" completed.
2020-10-28 09:59:15.808310 [guppy/info] Read 'c0e1e4c0-1677-4b65-9257-381b3e9c7596' from file "signal_molecule_198_(sequence_0)_c0e1e4c0-1677-4b65-9257-381b3e9c7596.fast5" completed.
2020-10-28 09:59:15.842018 [guppy/info] Read 'b8bb079f-11ea-4455-8a74-edba5a47092b' from file "signal_molecule_90_(sequence_0)_b8bb079f-11ea-4455-8a74-edba5a47092b.fast5" completed.
2020-10-28 09:59:16.095675 [guppy/info] Read '7995b1e1-4a53-4dd7-ae99-f475f8cabc5a' from file "signal_molecule_2205_(sequence_2)_7995b1e1-4a53-4dd7-ae99-f475f8cabc5a.fast5" completed.
2020-10-28 09:59:16.147816 [guppy/info] Read '83d46001-0215-4991-ba20-8677a30ad23b' from file "signal_molecule_1676_(sequence_1)_83d46001-0215-4991-ba20-8677a30ad23b.fast5" completed.
2020-10-28 09:59:16.174316 [guppy/info] Read '75e3113a-8c66-45b9-a03a-503750a8555b' from file "signal_molecule_2701_(sequence_2)_75e3113a-8c66-45b9-a03a-503750a8555b.fast5" completed.
2020-10-28 09:59:16.233093 [guppy/info] Read 'f98619e6-50c4-4d5c-beb9-40bc91695daa' from file "signal_molecule_30_(sequence_0)_f98619e6-50c4-4d5c-beb9-40bc91695daa.fast5" completed.
2020-10-28 09:59:16.240547 [guppy/info] Read 'e6141552-f2bb-4b97-8eed-2b5034b11d33' from file "signal_molecule_616_(sequence_0)_e6141552-f2bb-4b97-8eed-2b5034b11d33.fast5" completed.
2020-10-28 09:59:16.622565 [guppy/info] Read '437edcbb-59fe-4c58-aa41-cf356dc31a8a' from file "signal_molecule_743_(sequence_0)_437edcbb-59fe-4c58-aa41-cf356dc31a8a.fast5" completed.
2020-10-28 09:59:16.622793 [guppy/info] Read '52be4351-6b6b-40a2-8b32-674cd501d772' from file "signal_molecule_2778_(sequence_2)_52be4351-6b6b-40a2-8b32-674cd501d772.fast5" completed.
2020-10-28 09:59:16.622891 [guppy/info] Read 'd67c2c63-a766-485b-9fc1-c679eafc25af' from file "signal_molecule_2342_(sequence_2)_d67c2c63-a766-485b-9fc1-c679eafc25af.fast5" completed.
2020-10-28 09:59:16.663479 [guppy/info] Read '77e65092-6947-4e3f-a9b5-26058402e315' from file "signal_molecule_2268_(sequence_2)_77e65092-6947-4e3f-a9b5-26058402e315.fast5" completed.
2020-10-28 09:59:16.754604 [guppy/info] Read 'f9ff182a-61c0-4f51-8867-7a9f8c0b31aa' from file "signal_molecule_1695_(sequence_1)_f9ff182a-61c0-4f51-8867-7a9f8c0b31aa.fast5" completed.
2020-10-28 09:59:16.757803 [guppy/info] Read '1026b297-91f4-4f2c-8637-4ff66ca42554' from file "signal_molecule_1307_(sequence_1)_1026b297-91f4-4f2c-8637-4ff66ca42554.fast5" completed.
2020-10-28 09:59:16.758067 [guppy/info] Read '9a02bb9a-d242-48fa-ac3a-5904e7af2af3' from file "signal_molecule_2083_(sequence_2)_9a02bb9a-d242-48fa-ac3a-5904e7af2af3.fast5" completed.
2020-10-28 09:59:16.776005 [guppy/info] Read '67ef8526-4244-429a-8bd8-b35dc2591b07' from file "signal_molecule_88_(sequence_0)_67ef8526-4244-429a-8bd8-b35dc2591b07.fast5" completed.
2020-10-28 09:59:17.204692 [guppy/info] Read '7576a50f-8b30-4340-962a-7f6d98aceb80' from file "signal_molecule_1822_(sequence_1)_7576a50f-8b30-4340-962a-7f6d98aceb80.fast5" completed.
2020-10-28 09:59:17.204852 [guppy/info] Read 'a23e5ce0-6d65-4f75-9ec8-adce034f9f71' from file "signal_molecule_818_(sequence_0)_a23e5ce0-6d65-4f75-9ec8-adce034f9f71.fast5" completed.
2020-10-28 09:59:17.284562 [guppy/info] Read 'c9722f3d-4002-4f3a-8d37-255ee84ec706' from file "signal_molecule_1133_(sequence_1)_c9722f3d-4002-4f3a-8d37-255ee84ec706.fast5" completed.
2020-10-28 09:59:17.285048 [guppy/info] Read '5a7448b1-10fe-4cd4-b201-6666dd370fcc' from file "signal_molecule_1971_(sequence_1)_5a7448b1-10fe-4cd4-b201-6666dd370fcc.fast5" completed.
2020-10-28 09:59:17.386303 [guppy/info] Read '5ef69715-31c2-460f-90f6-0d2212babdcf' from file "signal_molecule_209_(sequence_0)_5ef69715-31c2-460f-90f6-0d2212babdcf.fast5" completed.
2020-10-28 09:59:17.386482 [guppy/info] Read '6cf77009-0d16-4a70-bf1f-98f83ac8adcb' from file "signal_molecule_2534_(sequence_2)_6cf77009-0d16-4a70-bf1f-98f83ac8adcb.fast5" completed.
2020-10-28 09:59:17.594519 [guppy/info] Read '27d934c6-b760-4bbd-b0ac-1ab8bd4df928' from file "signal_molecule_435_(sequence_0)_27d934c6-b760-4bbd-b0ac-1ab8bd4df928.fast5" completed.
2020-10-28 09:59:17.594763 [guppy/info] Read '347b44e1-81b2-42d0-b65c-241792a0956b' from file "signal_molecule_1127_(sequence_1)_347b44e1-81b2-42d0-b65c-241792a0956b.fast5" completed.
2020-10-28 09:59:17.842630 [guppy/info] Read '8d38e6eb-a520-4ef7-95f5-52230415953c' from file "signal_molecule_2853_(sequence_2)_8d38e6eb-a520-4ef7-95f5-52230415953c.fast5" completed.
2020-10-28 09:59:17.842906 [guppy/info] Read 'e735ed5b-2e98-48f8-b83d-de77c5c45253' from file "signal_molecule_1049_(sequence_1)_e735ed5b-2e98-48f8-b83d-de77c5c45253.fast5" completed.
2020-10-28 09:59:17.885326 [guppy/info] Read '14c117c8-ec42-4148-93d2-c5e6868f5777' from file "signal_molecule_1459_(sequence_1)_14c117c8-ec42-4148-93d2-c5e6868f5777.fast5" completed.
2020-10-28 09:59:17.941485 [guppy/info] Read '043132ef-bc49-43e8-bf5b-10779d5e6630' from file "signal_molecule_825_(sequence_0)_043132ef-bc49-43e8-bf5b-10779d5e6630.fast5" completed.
2020-10-28 09:59:17.941706 [guppy/info] Read '555488eb-fe38-4836-ab09-fa98f5797337' from file "signal_molecule_823_(sequence_0)_555488eb-fe38-4836-ab09-fa98f5797337.fast5" completed.
2020-10-28 09:59:18.067633 [guppy/info] Read 'ec2934fe-f7f0-4d77-ba18-c2b23f286323' from file "signal_molecule_2860_(sequence_2)_ec2934fe-f7f0-4d77-ba18-c2b23f286323.fast5" completed.
2020-10-28 09:59:18.237144 [guppy/info] Read 'f3a34a6e-a797-4cdf-9c63-4ec149c29ae0' from file "signal_molecule_1766_(sequence_1)_f3a34a6e-a797-4cdf-9c63-4ec149c29ae0.fast5" completed.
2020-10-28 09:59:18.325209 [guppy/info] Read 'c4e26397-c0d4-4239-aeaa-ed031815c7bf' from file "signal_molecule_1369_(sequence_1)_c4e26397-c0d4-4239-aeaa-ed031815c7bf.fast5" completed.
2020-10-28 09:59:18.325405 [guppy/info] Read '1d90eb76-1aee-49f1-8c3c-f7c95f9b42c9' from file "signal_molecule_691_(sequence_0)_1d90eb76-1aee-49f1-8c3c-f7c95f9b42c9.fast5" completed.
2020-10-28 09:59:18.325555 [guppy/info] Read '7ab1b08b-784c-4e10-af1e-74f1c27bf2b0' from file "signal_molecule_2345_(sequence_2)_7ab1b08b-784c-4e10-af1e-74f1c27bf2b0.fast5" completed.
2020-10-28 09:59:18.485762 [guppy/info] Read '023f4b9a-6a10-47f4-b138-c3081e2a8a77' from file "signal_molecule_1659_(sequence_1)_023f4b9a-6a10-47f4-b138-c3081e2a8a77.fast5" completed.
2020-10-28 09:59:18.672890 [guppy/info] Read 'd7ace4d7-a5e7-4326-9416-663c721ee1e7' from file "signal_molecule_314_(sequence_0)_d7ace4d7-a5e7-4326-9416-663c721ee1e7.fast5" completed.
2020-10-28 09:59:18.673157 [guppy/info] Read '723b5041-523e-4407-85f4-ef6c03e676b2' from file "signal_molecule_1610_(sequence_1)_723b5041-523e-4407-85f4-ef6c03e676b2.fast5" completed.
2020-10-28 09:59:18.885801 [guppy/info] Read 'a5c2df27-f7bd-46ab-b3ac-32d69c4bf59c' from file "signal_molecule_2229_(sequence_2)_a5c2df27-f7bd-46ab-b3ac-32d69c4bf59c.fast5" completed.
2020-10-28 09:59:18.885995 [guppy/info] Read '038101c3-cbd9-4a50-8661-caa1e805260b' from file "signal_molecule_2567_(sequence_2)_038101c3-cbd9-4a50-8661-caa1e805260b.fast5" completed.
2020-10-28 09:59:18.886100 [guppy/info] Read 'd7d5e2e8-616f-4fef-8588-62d7932001e7' from file "signal_molecule_270_(sequence_0)_d7d5e2e8-616f-4fef-8588-62d7932001e7.fast5" completed.
2020-10-28 09:59:19.250033 [guppy/info] Read 'bc20339d-8849-40bf-822d-a05e05ff1b99' from file "signal_molecule_1263_(sequence_1)_bc20339d-8849-40bf-822d-a05e05ff1b99.fast5" completed.
2020-10-28 09:59:19.250225 [guppy/info] Read '5c57b208-1934-4ff6-b595-f15e4c9f742e' from file "signal_molecule_2641_(sequence_2)_5c57b208-1934-4ff6-b595-f15e4c9f742e.fast5" completed.
2020-10-28 09:59:19.254691 [guppy/info] Read '7f649bb7-1c13-498c-bb39-0b2b1c220164' from file "signal_molecule_2184_(sequence_2)_7f649bb7-1c13-498c-bb39-0b2b1c220164.fast5" completed.
2020-10-28 09:59:19.449898 [guppy/info] Read '0fffeb98-3bb7-413b-81c3-5ebc3ba09ee2' from file "signal_molecule_408_(sequence_0)_0fffeb98-3bb7-413b-81c3-5ebc3ba09ee2.fast5" completed.
2020-10-28 09:59:19.615755 [guppy/info] Read 'dac6ee90-6c76-49da-b22b-fd8a6c431e46' from file "signal_molecule_892_(sequence_0)_dac6ee90-6c76-49da-b22b-fd8a6c431e46.fast5" completed.
2020-10-28 09:59:19.653785 [guppy/info] Read '64637a5d-9248-4683-90ae-776d1664f312' from file "signal_molecule_344_(sequence_0)_64637a5d-9248-4683-90ae-776d1664f312.fast5" completed.
2020-10-28 09:59:19.718654 [guppy/info] Read '329eb2d9-c099-4165-96b4-6e0c17f8878b' from file "signal_molecule_1980_(sequence_1)_329eb2d9-c099-4165-96b4-6e0c17f8878b.fast5" completed.
2020-10-28 09:59:19.891384 [guppy/info] Read 'd7bcccd6-049b-43f8-859f-4f1c83aaddbb' from file "signal_molecule_2302_(sequence_2)_d7bcccd6-049b-43f8-859f-4f1c83aaddbb.fast5" completed.
2020-10-28 09:59:20.027571 [guppy/info] Read '583282b3-4b2c-4f81-ae11-07709e96b264' from file "signal_molecule_244_(sequence_0)_583282b3-4b2c-4f81-ae11-07709e96b264.fast5" completed.
2020-10-28 09:59:20.027851 [guppy/info] Read 'ea6399cf-ef59-4a1f-8422-9d04d2703f7d' from file "signal_molecule_2382_(sequence_2)_ea6399cf-ef59-4a1f-8422-9d04d2703f7d.fast5" completed.
2020-10-28 09:59:20.186974 [guppy/info] Read 'c5e7ff5e-db54-4db3-bbf4-e55b52c170b8' from file "signal_molecule_868_(sequence_0)_c5e7ff5e-db54-4db3-bbf4-e55b52c170b8.fast5" completed.
2020-10-28 09:59:20.194687 [guppy/info] Read 'c125ca09-5f89-491c-a4c2-f79236d16446' from file "signal_molecule_588_(sequence_0)_c125ca09-5f89-491c-a4c2-f79236d16446.fast5" completed.
2020-10-28 09:59:20.399884 [guppy/info] Read 'b6e6fcf8-181a-4396-807e-4285ab818da0' from file "signal_molecule_253_(sequence_0)_b6e6fcf8-181a-4396-807e-4285ab818da0.fast5" completed.
2020-10-28 09:59:20.502556 [guppy/info] Read 'a1c22494-3862-47ff-952d-3edbbc75308b' from file "signal_molecule_1107_(sequence_1)_a1c22494-3862-47ff-952d-3edbbc75308b.fast5" completed.
2020-10-28 09:59:20.502730 [guppy/info] Read 'd671e0ab-b567-4e52-b682-6d66ab4cae06' from file "signal_molecule_451_(sequence_0)_d671e0ab-b567-4e52-b682-6d66ab4cae06.fast5" completed.
2020-10-28 09:59:20.502833 [guppy/info] Read 'd556e8a3-b3f5-434b-a355-327cf1d76f4a' from file "signal_molecule_294_(sequence_0)_d556e8a3-b3f5-434b-a355-327cf1d76f4a.fast5" completed.
2020-10-28 09:59:20.577475 [guppy/info] Read '912a9214-e6b1-41ab-9f61-59b305f8040a' from file "signal_molecule_2341_(sequence_2)_912a9214-e6b1-41ab-9f61-59b305f8040a.fast5" completed.
2020-10-28 09:59:20.598191 [guppy/info] Read '7fade89e-ca2f-45ad-9458-869b5bb72a59' from file "signal_molecule_1799_(sequence_1)_7fade89e-ca2f-45ad-9458-869b5bb72a59.fast5" completed.
2020-10-28 09:59:20.623199 [guppy/info] Read '9fd4b741-f83b-47b8-a375-6785c932ca90' from file "signal_molecule_2118_(sequence_2)_9fd4b741-f83b-47b8-a375-6785c932ca90.fast5" completed.
2020-10-28 09:59:20.635743 [guppy/info] Completed batch 0
2020-10-28 09:59:20.716083 [guppy/message] Caller time: 8845 ms, Samples called: 100091, samples/s: 11316.1
2020-10-28 09:59:20.716169 [guppy/message] Finishing up any open output files.
2020-10-28 09:59:21.138982 [guppy/message] Basecalling completed successfully.
